<?xml version="1.0" encoding="UTF-8"?>
<!-- Generated by org.testng.reporters.JUnitXMLReporter -->
<testsuite hostname="DESKTOP-HGMDJ3C" ignored="1" name="RegressionFF" tests="2" failures="2" timestamp="20 Mar 2022 18:51:25 GMT" time="28.055" errors="0">
  <testcase name="testValidLogin" time="1.824" classname="script.ValidLogin">
    <failure type="java.lang.AssertionError" message="HomePage is Not Displayed expected [true] but found [false]">
      <![CDATA[java.lang.AssertionError: HomePage is Not Displayed expected [true] but found [false]
at script.ValidLogin.testValidLogin(ValidLogin.java:36)
... Removed 28 stack frames]]>
    </failure>
  </testcase> <!-- testValidLogin -->
  <testcase name="testInvalidLogin" time="0.45" classname="script.InvalidLogin">
    <failure type="java.lang.IllegalArgumentException" message="Keys to send should be a not null CharSequence">
      <![CDATA[java.lang.IllegalArgumentException: Keys to send should be a not null CharSequence
at org.openqa.selenium.remote.RemoteWebElement.sendKeys(RemoteWebElement.java:92)
at org.openqa.selenium.support.pagefactory.internal.LocatingElementHandler.invoke(LocatingElementHandler.java:52)
at com.sun.proxy.$Proxy16.sendKeys(Unknown Source)
at page.LoginPage.setUserName(LoginPage.java:36)
at script.InvalidLogin.testInvalidLogin(InvalidLogin.java:26)
... Removed 29 stack frames]]>
    </failure>
  </testcase> <!-- testInvalidLogin -->
  <testcase name="testA" time="0.0" classname="script.Test1">
    <ignored/>
  </testcase> <!-- testA -->
</testsuite> <!-- RegressionFF -->
